# JRE version: Java(TM) SE Runtime Environment (8.0_101-b13) (build 1.8.0_101-b13)
# Java VM: Java HotSpot(TM) 64-Bit Server VM (25.101-b13 mixed mode bsd-amd64 compressed oops)
Heap:
 PSYoungGen      total 38400K, used 4316K [0x0000000795580000, 0x0000000798000000, 0x00000007c0000000)
  eden space 33280K, 12% used [0x0000000795580000,0x00000007959b7058,0x0000000797600000)
  from space 5120K, 0% used [0x0000000797600000,0x0000000797600000,0x0000000797b00000)
  to   space 5120K, 0% used [0x0000000797b00000,0x0000000797b00000,0x0000000798000000)
 ParOldGen       total 57856K, used 4532K [0x0000000740000000, 0x0000000743880000, 0x0000000795580000)
  object space 57856K, 7% used [0x0000000740000000,0x000000074046d2e0,0x0000000743880000)
 Metaspace       used 20661K, capacity 21220K, committed 21552K, reserved 1069056K
  class space    used 2485K, capacity 2633K, committed 2688K, reserved 1048576K
GC Heap History (8 events):
Event: 0.712 GC heap before
{Heap before GC invocations=1 (full 0):
 PSYoungGen      total 38400K, used 33280K [0x0000000795580000, 0x0000000798000000, 0x00000007c0000000)
  eden space 33280K, 100% used [0x0000000795580000,0x0000000797600000,0x0000000797600000)
  from space 5120K, 0% used [0x0000000797b00000,0x0000000797b00000,0x0000000798000000)
  to   space 5120K, 0% used [0x0000000797600000,0x0000000797600000,0x0000000797b00000)
 ParOldGen       total 87552K, used 0K [0x0000000740000000, 0x0000000745580000, 0x0000000795580000)
  object space 87552K, 0% used [0x0000000740000000,0x0000000740000000,0x0000000745580000)
 Metaspace       used 8728K, capacity 9010K, committed 9088K, reserved 1056768K
  class space    used 985K, capacity 1115K, committed 1152K, reserved 1048576K
Event: 0.717 GC heap after
Heap after GC invocations=1 (full 0):
 PSYoungGen      total 38400K, used 4385K [0x0000000795580000, 0x0000000798000000, 0x00000007c0000000)
  eden space 33280K, 0% used [0x0000000795580000,0x0000000795580000,0x0000000797600000)
  from space 5120K, 85% used [0x0000000797600000,0x0000000797a48790,0x0000000797b00000)
  to   space 5120K, 0% used [0x0000000797b00000,0x0000000797b00000,0x0000000798000000)
 ParOldGen       total 87552K, used 8K [0x0000000740000000, 0x0000000745580000, 0x0000000795580000)
  object space 87552K, 0% used [0x0000000740000000,0x0000000740002000,0x0000000745580000)
 Metaspace       used 8728K, capacity 9010K, committed 9088K, reserved 1056768K
  class space    used 985K, capacity 1115K, committed 1152K, reserved 1048576K
}
Event: 1.360 GC heap before
{Heap before GC invocations=2 (full 0):
 PSYoungGen      total 38400K, used 37665K [0x0000000795580000, 0x0000000798000000, 0x00000007c0000000)
  eden space 33280K, 100% used [0x0000000795580000,0x0000000797600000,0x0000000797600000)
  from space 5120K, 85% used [0x0000000797600000,0x0000000797a48790,0x0000000797b00000)
  to   space 5120K, 0% used [0x0000000797b00000,0x0000000797b00000,0x0000000798000000)
 ParOldGen       total 87552K, used 8K [0x0000000740000000, 0x0000000745580000, 0x0000000795580000)
  object space 87552K, 0% used [0x0000000740000000,0x0000000740002000,0x0000000745580000)
 Metaspace       used 18909K, capacity 19448K, committed 19584K, reserved 1067008K
  class space    used 2293K, capacity 2431K, committed 2432K, reserved 1048576K
Event: 1.370 GC heap after
Heap after GC invocations=2 (full 0):
 PSYoungGen      total 38400K, used 5090K [0x0000000795580000, 0x000000079a080000, 0x00000007c0000000)
  eden space 33280K, 0% used [0x0000000795580000,0x0000000795580000,0x0000000797600000)
  from space 5120K, 99% used [0x0000000797b00000,0x0000000797ff8810,0x0000000798000000)
  to   space 5120K, 0% used [0x0000000797600000,0x0000000797600000,0x0000000797b00000)
 ParOldGen       total 87552K, used 2130K [0x0000000740000000, 0x0000000745580000, 0x0000000795580000)
  object space 87552K, 2% used [0x0000000740000000,0x0000000740214898,0x0000000745580000)
 Metaspace       used 18909K, capacity 19448K, committed 19584K, reserved 1067008K
  class space    used 2293K, capacity 2431K, committed 2432K, reserved 1048576K
}
Event: 3.237 GC heap before
{Heap before GC invocations=3 (full 0):
 PSYoungGen      total 38400K, used 14385K [0x0000000795580000, 0x000000079a080000, 0x00000007c0000000)
  eden space 33280K, 27% used [0x0000000795580000,0x0000000795e93bf8,0x0000000797600000)
  from space 5120K, 99% used [0x0000000797b00000,0x0000000797ff8810,0x0000000798000000)
  to   space 5120K, 0% used [0x0000000797600000,0x0000000797600000,0x0000000797b00000)
 ParOldGen       total 87552K, used 2130K [0x0000000740000000, 0x0000000745580000, 0x0000000795580000)
  object space 87552K, 2% used [0x0000000740000000,0x0000000740214898,0x0000000745580000)
 Metaspace       used 20631K, capacity 21140K, committed 21296K, reserved 1069056K
  class space    used 2482K, capacity 2631K, committed 2688K, reserved 1048576K
Event: 3.244 GC heap after
Heap after GC invocations=3 (full 0):
 PSYoungGen      total 38400K, used 4760K [0x0000000795580000, 0x0000000798000000, 0x00000007c0000000)
  eden space 33280K, 0% used [0x0000000795580000,0x0000000795580000,0x0000000797600000)
  from space 5120K, 92% used [0x0000000797600000,0x0000000797aa6088,0x0000000797b00000)
  to   space 5120K, 0% used [0x0000000797b00000,0x0000000797b00000,0x0000000798000000)
 ParOldGen       total 87552K, used 2143K [0x0000000740000000, 0x0000000745580000, 0x0000000795580000)
  object space 87552K, 2% used [0x0000000740000000,0x0000000740217f30,0x0000000745580000)
 Metaspace       used 20631K, capacity 21140K, committed 21296K, reserved 1069056K
  class space    used 2482K, capacity 2631K, committed 2688K, reserved 1048576K
}
Event: 3.244 GC heap before
{Heap before GC invocations=4 (full 1):
 PSYoungGen      total 38400K, used 4760K [0x0000000795580000, 0x0000000798000000, 0x00000007c0000000)
  eden space 33280K, 0% used [0x0000000795580000,0x0000000795580000,0x0000000797600000)
  from space 5120K, 92% used [0x0000000797600000,0x0000000797aa6088,0x0000000797b00000)
  to   space 5120K, 0% used [0x0000000797b00000,0x0000000797b00000,0x0000000798000000)
 ParOldGen       total 87552K, used 2143K [0x0000000740000000, 0x0000000745580000, 0x0000000795580000)
  object space 87552K, 2% used [0x0000000740000000,0x0000000740217f30,0x0000000745580000)
 Metaspace       used 20631K, capacity 21140K, committed 21296K, reserved 1069056K
  class space    used 2482K, capacity 2631K, committed 2688K, reserved 1048576K
Event: 3.271 GC heap after
Heap after GC invocations=4 (full 1):
 PSYoungGen      total 38400K, used 0K [0x0000000795580000, 0x0000000798000000, 0x00000007c0000000)
  eden space 33280K, 0% used [0x0000000795580000,0x0000000795580000,0x0000000797600000)
  from space 5120K, 0% used [0x0000000797600000,0x0000000797600000,0x0000000797b00000)
  to   space 5120K, 0% used [0x0000000797b00000,0x0000000797b00000,0x0000000798000000)
 ParOldGen       total 57856K, used 4532K [0x0000000740000000, 0x0000000743880000, 0x0000000795580000)
  object space 57856K, 7% used [0x0000000740000000,0x000000074046d2e0,0x0000000743880000)
 Metaspace       used 20631K, capacity 21140K, committed 21296K, reserved 1069056K
  class space    used 2482K, capacity 2631K, committed 2688K, reserved 1048576K
}

